0 verbose cli C:\Program Files\nodejs\node.exe C:\Program Files\nodejs\node_modules\npm\bin\npm-cli.js
1 info using npm@10.8.2
2 info using node@v20.20.1
3 silly config load:file:C:\Program Files\nodejs\node_modules\npm\npmrc
4 silly config load:file:E:\Realestate\.npmrc
5 silly config load:file:C:\Users\mohd.noman qadri\.npmrc
6 silly config load:file:C:\Users\mohd.noman qadri\AppData\Roaming\npm\etc\npmrc
7 verbose title npm install mongoose lucide-react framer-motion clsx tailwind-merge
8 verbose argv "install" "mongoose" "lucide-react" "framer-motion" "clsx" "tailwind-merge"
9 verbose logfile logs-max:10 dir:E:\Realestate\.npm-cache\_logs\2026-03-16T20_55_51_240Z-
10 verbose logfile E:\Realestate\.npm-cache\_logs\2026-03-16T20_55_51_240Z-debug-0.log
11 silly packumentCache heap:4345298944 maxSize:1086324736 maxEntrySize:543162368
12 silly logfile done cleaning log files
13 silly idealTree buildDeps
14 silly fetch manifest mongoose@*
15 silly packumentCache full:https://registry.npmjs.org/mongoose cache-miss
16 http fetch GET 200 https://registry.npmjs.org/mongoose 1564ms (cache miss)
17 silly packumentCache full:https://registry.npmjs.org/mongoose set size:undefined disposed:false
18 silly fetch manifest lucide-react@*
19 silly packumentCache full:https://registry.npmjs.org/lucide-react cache-miss
20 http fetch GET 200 https://registry.npmjs.org/lucide-react 206ms (cache miss)
21 silly packumentCache full:https://registry.npmjs.org/lucide-react set size:undefined disposed:false
22 silly fetch manifest react@19.2.3
23 silly packumentCache full:https://registry.npmjs.org/react cache-miss
24 http fetch GET 200 https://registry.npmjs.org/react 30ms (cache hit)
25 silly packumentCache full:https://registry.npmjs.org/react set size:6543561 disposed:false
26 silly fetch manifest framer-motion@*
27 silly packumentCache full:https://registry.npmjs.org/framer-motion cache-miss
28 http fetch GET 200 https://registry.npmjs.org/framer-motion 404ms (cache miss)
29 silly packumentCache full:https://registry.npmjs.org/framer-motion set size:undefined disposed:false
30 silly fetch manifest @emotion/is-prop-valid@*
31 silly packumentCache full:https://registry.npmjs.org/@emotion%2fis-prop-valid cache-miss
32 http fetch GET 200 https://registry.npmjs.org/@emotion%2fis-prop-valid 631ms (cache miss)
33 silly packumentCache full:https://registry.npmjs.org/@emotion%2fis-prop-valid set size:undefined disposed:false
34 silly fetch manifest react-dom@19.2.3
35 silly packumentCache full:https://registry.npmjs.org/react-dom cache-miss
36 http fetch GET 200 https://registry.npmjs.org/react-dom 24ms (cache hit)
37 silly packumentCache full:https://registry.npmjs.org/react-dom set size:8685222 disposed:false
38 silly fetch manifest clsx@*
39 silly packumentCache full:https://registry.npmjs.org/clsx cache-miss
40 http fetch GET 200 https://registry.npmjs.org/clsx 951ms (cache miss)
41 silly packumentCache full:https://registry.npmjs.org/clsx set size:undefined disposed:false
42 silly fetch manifest tailwind-merge@*
43 silly packumentCache full:https://registry.npmjs.org/tailwind-merge cache-miss
44 http fetch GET 200 https://registry.npmjs.org/tailwind-merge 216ms (cache miss)
45 silly packumentCache full:https://registry.npmjs.org/tailwind-merge set size:undefined disposed:false
46 silly placeDep ROOT clsx@2.1.1 OK for: site@0.1.0 want: *
47 silly placeDep ROOT framer-motion@12.37.0 OK for: site@0.1.0 want: *
48 silly placeDep ROOT lucide-react@0.577.0 OK for: site@0.1.0 want: *
49 silly placeDep ROOT mongoose@9.3.0 OK for: site@0.1.0 want: *
50 silly placeDep ROOT tailwind-merge@3.5.0 OK for: site@0.1.0 want: *
51 silly fetch manifest motion-dom@^12.37.0
52 silly packumentCache full:https://registry.npmjs.org/motion-dom cache-miss
53 silly fetch manifest motion-utils@^12.36.0
54 silly packumentCache full:https://registry.npmjs.org/motion-utils cache-miss
55 silly fetch manifest kareem@3.2.0
56 silly packumentCache full:https://registry.npmjs.org/kareem cache-miss
57 silly fetch manifest mongodb@~7.1
58 silly packumentCache full:https://registry.npmjs.org/mongodb cache-miss
59 silly fetch manifest mpath@0.9.0
60 silly packumentCache full:https://registry.npmjs.org/mpath cache-miss
61 silly fetch manifest mquery@6.0.0
62 silly packumentCache full:https://registry.npmjs.org/mquery cache-miss
63 silly fetch manifest sift@17.1.3
64 silly packumentCache full:https://registry.npmjs.org/sift cache-miss
65 http fetch GET 200 https://registry.npmjs.org/mpath 293ms (cache miss)
66 silly packumentCache full:https://registry.npmjs.org/mpath set size:undefined disposed:false
67 http fetch GET 200 https://registry.npmjs.org/motion-utils 352ms (cache miss)
68 silly packumentCache full:https://registry.npmjs.org/motion-utils set size:undefined disposed:false
69 http fetch GET 200 https://registry.npmjs.org/mquery 363ms (cache miss)
70 silly packumentCache full:https://registry.npmjs.org/mquery set size:undefined disposed:false
71 http fetch GET 200 https://registry.npmjs.org/mongodb 563ms (cache miss)
72 silly packumentCache full:https://registry.npmjs.org/mongodb set size:undefined disposed:false
73 http fetch GET 200 https://registry.npmjs.org/sift 686ms (cache miss)
74 silly packumentCache full:https://registry.npmjs.org/sift set size:undefined disposed:false
75 http fetch GET 200 https://registry.npmjs.org/motion-dom 937ms (cache miss)
76 silly packumentCache full:https://registry.npmjs.org/motion-dom set size:undefined disposed:false
77 http fetch GET 200 https://registry.npmjs.org/kareem 1139ms (cache miss)
78 silly packumentCache full:https://registry.npmjs.org/kareem set size:undefined disposed:false
79 silly placeDep ROOT motion-dom@12.37.0 OK for: framer-motion@12.37.0 want: ^12.37.0
80 silly placeDep ROOT motion-utils@12.36.0 OK for: framer-motion@12.37.0 want: ^12.36.0
81 silly fetch manifest @aws-sdk/credential-providers@^3.806.0
82 silly packumentCache full:https://registry.npmjs.org/@aws-sdk%2fcredential-providers cache-miss
83 http fetch GET 200 https://registry.npmjs.org/@aws-sdk%2fcredential-providers 476ms (cache miss)
84 silly packumentCache full:https://registry.npmjs.org/@aws-sdk%2fcredential-providers set size:undefined disposed:false
85 silly fetch manifest @mongodb-js/zstd@^7.0.0
86 silly packumentCache full:https://registry.npmjs.org/@mongodb-js%2fzstd cache-miss
87 http fetch GET 200 https://registry.npmjs.org/@mongodb-js%2fzstd 305ms (cache miss)
88 silly packumentCache full:https://registry.npmjs.org/@mongodb-js%2fzstd set size:undefined disposed:false
89 silly fetch manifest gcp-metadata@^7.0.1
90 silly packumentCache full:https://registry.npmjs.org/gcp-metadata cache-miss
91 http fetch GET 200 https://registry.npmjs.org/gcp-metadata 118ms (cache miss)
92 silly packumentCache full:https://registry.npmjs.org/gcp-metadata set size:undefined disposed:false
93 silly fetch manifest kerberos@^7.0.0
94 silly packumentCache full:https://registry.npmjs.org/kerberos cache-miss
95 http fetch GET 200 https://registry.npmjs.org/kerberos 108ms (cache miss)
96 silly packumentCache full:https://registry.npmjs.org/kerberos set size:undefined disposed:false
97 silly fetch manifest mongodb-client-encryption@>=7.0.0 <7.1.0
98 silly packumentCache full:https://registry.npmjs.org/mongodb-client-encryption cache-miss
99 http fetch GET 200 https://registry.npmjs.org/mongodb-client-encryption 142ms (cache miss)
100 silly packumentCache full:https://registry.npmjs.org/mongodb-client-encryption set size:undefined disposed:false
101 silly fetch manifest snappy@^7.3.2
102 silly packumentCache full:https://registry.npmjs.org/snappy cache-miss
103 http fetch GET 200 https://registry.npmjs.org/snappy 379ms (cache miss)
104 silly packumentCache full:https://registry.npmjs.org/snappy set size:undefined disposed:false
105 silly fetch manifest socks@^2.8.6
106 silly packumentCache full:https://registry.npmjs.org/socks cache-miss
107 http fetch GET 200 https://registry.npmjs.org/socks 112ms (cache miss)
108 silly packumentCache full:https://registry.npmjs.org/socks set size:undefined disposed:false
109 silly placeDep ROOT kareem@3.2.0 OK for: mongoose@9.3.0 want: 3.2.0
110 silly placeDep ROOT mongodb@7.1.0 OK for: mongoose@9.3.0 want: ~7.1
111 silly placeDep ROOT mpath@0.9.0 OK for: mongoose@9.3.0 want: 0.9.0
112 silly placeDep ROOT mquery@6.0.0 OK for: mongoose@9.3.0 want: 6.0.0
113 silly placeDep ROOT sift@17.1.3 OK for: mongoose@9.3.0 want: 17.1.3
114 silly fetch manifest bson@^7.1.1
115 silly packumentCache full:https://registry.npmjs.org/bson cache-miss
116 silly fetch manifest @mongodb-js/saslprep@^1.3.0
117 silly packumentCache full:https://registry.npmjs.org/@mongodb-js%2fsaslprep cache-miss
118 silly fetch manifest mongodb-connection-string-url@^7.0.0
119 silly packumentCache full:https://registry.npmjs.org/mongodb-connection-string-url cache-miss
120 http fetch GET 200 https://registry.npmjs.org/@mongodb-js%2fsaslprep 145ms (cache miss)
121 silly packumentCache full:https://registry.npmjs.org/@mongodb-js%2fsaslprep set size:undefined disposed:false
122 http fetch GET 200 https://registry.npmjs.org/bson 149ms (cache miss)
123 silly packumentCache full:https://registry.npmjs.org/bson set size:undefined disposed:false
124 http fetch GET 200 https://registry.npmjs.org/mongodb-connection-string-url 399ms (cache miss)
125 silly packumentCache full:https://registry.npmjs.org/mongodb-connection-string-url set size:undefined disposed:false
126 silly placeDep ROOT @mongodb-js/saslprep@1.4.6 OK for: mongodb@7.1.0 want: ^1.3.0
127 silly placeDep ROOT bson@7.2.0 OK for: mongodb@7.1.0 want: ^7.1.1
128 silly placeDep ROOT mongodb-connection-string-url@7.0.1 OK for: mongodb@7.1.0 want: ^7.0.0
129 silly fetch manifest sparse-bitfield@^3.0.3
130 silly packumentCache full:https://registry.npmjs.org/sparse-bitfield cache-miss
131 silly fetch manifest whatwg-url@^14.1.0
132 silly packumentCache full:https://registry.npmjs.org/whatwg-url cache-miss
133 silly fetch manifest @types/whatwg-url@^13.0.0
134 silly packumentCache full:https://registry.npmjs.org/@types%2fwhatwg-url cache-miss
135 http fetch GET 200 https://registry.npmjs.org/sparse-bitfield 96ms (cache miss)
136 silly packumentCache full:https://registry.npmjs.org/sparse-bitfield set size:undefined disposed:false
137 http fetch GET 200 https://registry.npmjs.org/whatwg-url 110ms (cache miss)
138 silly packumentCache full:https://registry.npmjs.org/whatwg-url set size:undefined disposed:false
139 http fetch GET 200 https://registry.npmjs.org/@types%2fwhatwg-url 114ms (cache miss)
140 silly packumentCache full:https://registry.npmjs.org/@types%2fwhatwg-url set size:undefined disposed:false
141 silly placeDep ROOT sparse-bitfield@3.0.3 OK for: @mongodb-js/saslprep@1.4.6 want: ^3.0.3
142 silly fetch manifest memory-pager@^1.0.2
143 silly packumentCache full:https://registry.npmjs.org/memory-pager cache-miss
144 http fetch GET 200 https://registry.npmjs.org/memory-pager 936ms (cache miss)
145 silly packumentCache full:https://registry.npmjs.org/memory-pager set size:undefined disposed:false
146 silly placeDep ROOT @types/whatwg-url@13.0.0 OK for: mongodb-connection-string-url@7.0.1 want: ^13.0.0
147 silly placeDep ROOT whatwg-url@14.2.0 OK for: mongodb-connection-string-url@7.0.1 want: ^14.1.0
148 silly fetch manifest @types/webidl-conversions@*
149 silly packumentCache full:https://registry.npmjs.org/@types%2fwebidl-conversions cache-miss
150 silly fetch manifest tr46@^5.1.0
151 silly packumentCache full:https://registry.npmjs.org/tr46 cache-miss
152 silly fetch manifest webidl-conversions@^7.0.0
153 silly packumentCache full:https://registry.npmjs.org/webidl-conversions cache-miss
154 http fetch GET 200 https://registry.npmjs.org/tr46 112ms (cache miss)
155 silly packumentCache full:https://registry.npmjs.org/tr46 set size:undefined disposed:false
156 http fetch GET 200 https://registry.npmjs.org/webidl-conversions 114ms (cache miss)
157 silly packumentCache full:https://registry.npmjs.org/webidl-conversions set size:undefined disposed:false
158 http fetch GET 200 https://registry.npmjs.org/@types%2fwebidl-conversions 397ms (cache miss)
159 silly packumentCache full:https://registry.npmjs.org/@types%2fwebidl-conversions set size:undefined disposed:false
160 silly placeDep ROOT @types/webidl-conversions@7.0.3 OK for: @types/whatwg-url@13.0.0 want: *
161 silly placeDep ROOT memory-pager@1.5.0 OK for: sparse-bitfield@3.0.3 want: ^1.0.2
162 silly placeDep ROOT tr46@5.1.1 OK for: whatwg-url@14.2.0 want: ^5.1.0
163 silly placeDep ROOT webidl-conversions@7.0.0 OK for: whatwg-url@14.2.0 want: ^7.0.0
164 silly reify moves {}
165 verbose reify failed optional dependency E:\Realestate\node_modules\@tailwindcss\oxide-wasm32-wasi
166 silly reify mark deleted [ 'E:\\Realestate\\node_modules\\@tailwindcss\\oxide-wasm32-wasi' ]
167 silly audit bulk request {
167 silly audit   '@alloc/quick-lru': [ '5.2.0' ],
167 silly audit   '@babel/code-frame': [ '7.29.0' ],
167 silly audit   '@babel/compat-data': [ '7.29.0' ],
167 silly audit   '@babel/core': [ '7.29.0' ],
167 silly audit   '@babel/generator': [ '7.29.1' ],
167 silly audit   '@babel/helper-compilation-targets': [ '7.28.6' ],
167 silly audit   '@babel/helper-globals': [ '7.28.0' ],
167 silly audit   '@babel/helper-module-imports': [ '7.28.6' ],
167 silly audit   '@babel/helper-module-transforms': [ '7.28.6' ],
167 silly audit   '@babel/helper-string-parser': [ '7.27.1' ],
167 silly audit   '@babel/helper-validator-identifier': [ '7.28.5' ],
167 silly audit   '@babel/helper-validator-option': [ '7.27.1' ],
167 silly audit   '@babel/helpers': [ '7.28.6' ],
167 silly audit   '@babel/parser': [ '7.29.0' ],
167 silly audit   '@babel/template': [ '7.28.6' ],
167 silly audit   '@babel/traverse': [ '7.29.0' ],
167 silly audit   '@babel/types': [ '7.29.0' ],
167 silly audit   '@emnapi/core': [ '1.9.0' ],
167 silly audit   '@emnapi/runtime': [ '1.9.0' ],
167 silly audit   '@emnapi/wasi-threads': [ '1.2.0' ],
167 silly audit   '@eslint-community/eslint-utils': [ '4.9.1' ],
167 silly audit   'eslint-visitor-keys': [ '3.4.3', '5.0.1', '4.2.1' ],
167 silly audit   '@eslint-community/regexpp': [ '4.12.2' ],
167 silly audit   '@eslint/config-array': [ '0.21.2' ],
167 silly audit   '@eslint/config-helpers': [ '0.4.2' ],
167 silly audit   '@eslint/core': [ '0.17.0' ],
167 silly audit   '@eslint/eslintrc': [ '3.3.5' ],
167 silly audit   '@eslint/js': [ '9.39.4' ],
167 silly audit   '@eslint/object-schema': [ '2.1.7' ],
167 silly audit   '@eslint/plugin-kit': [ '0.4.1' ],
167 silly audit   '@humanfs/core': [ '0.19.1' ],
167 silly audit   '@humanfs/node': [ '0.16.7' ],
167 silly audit   '@humanwhocodes/module-importer': [ '1.0.1' ],
167 silly audit   '@humanwhocodes/retry': [ '0.4.3' ],
167 silly audit   '@img/colour': [ '1.1.0' ],
167 silly audit   '@img/sharp-darwin-arm64': [ '0.34.5' ],
167 silly audit   '@img/sharp-darwin-x64': [ '0.34.5' ],
167 silly audit   '@img/sharp-libvips-darwin-arm64': [ '1.2.4' ],
167 silly audit   '@img/sharp-libvips-darwin-x64': [ '1.2.4' ],
167 silly audit   '@img/sharp-libvips-linux-arm': [ '1.2.4' ],
167 silly audit   '@img/sharp-libvips-linux-arm64': [ '1.2.4' ],
167 silly audit   '@img/sharp-libvips-linux-ppc64': [ '1.2.4' ],
167 silly audit   '@img/sharp-libvips-linux-riscv64': [ '1.2.4' ],
167 silly audit   '@img/sharp-libvips-linux-s390x': [ '1.2.4' ],
167 silly audit   '@img/sharp-libvips-linux-x64': [ '1.2.4' ],
167 silly audit   '@img/sharp-libvips-linuxmusl-arm64': [ '1.2.4' ],
167 silly audit   '@img/sharp-libvips-linuxmusl-x64': [ '1.2.4' ],
167 silly audit   '@img/sharp-linux-arm': [ '0.34.5' ],
167 silly audit   '@img/sharp-linux-arm64': [ '0.34.5' ],
167 silly audit   '@img/sharp-linux-ppc64': [ '0.34.5' ],
167 silly audit   '@img/sharp-linux-riscv64': [ '0.34.5' ],
167 silly audit   '@img/sharp-linux-s390x': [ '0.34.5' ],
167 silly audit   '@img/sharp-linux-x64': [ '0.34.5' ],
167 silly audit   '@img/sharp-linuxmusl-arm64': [ '0.34.5' ],
167 silly audit   '@img/sharp-linuxmusl-x64': [ '0.34.5' ],
167 silly audit   '@img/sharp-wasm32': [ '0.34.5' ],
167 silly audit   '@img/sharp-win32-arm64': [ '0.34.5' ],
167 silly audit   '@img/sharp-win32-ia32': [ '0.34.5' ],
167 silly audit   '@img/sharp-win32-x64': [ '0.34.5' ],
167 silly audit   '@jridgewell/gen-mapping': [ '0.3.13' ],
167 silly audit   '@jridgewell/remapping': [ '2.3.5' ],
167 silly audit   '@jridgewell/resolve-uri': [ '3.1.2' ],
167 silly audit   '@jridgewell/sourcemap-codec': [ '1.5.5' ],
167 silly audit   '@jridgewell/trace-mapping': [ '0.3.31' ],
167 silly audit   '@napi-rs/wasm-runtime': [ '0.2.12' ],
167 silly audit   '@next/env': [ '16.1.6' ],
167 silly audit   '@next/eslint-plugin-next': [ '16.1.6' ],
167 silly audit   '@next/swc-darwin-arm64': [ '16.1.6' ],
167 silly audit   '@next/swc-darwin-x64': [ '16.1.6' ],
167 silly audit   '@next/swc-linux-arm64-gnu': [ '16.1.6' ],
167 silly audit   '@next/swc-linux-arm64-musl': [ '16.1.6' ],
167 silly audit   '@next/swc-linux-x64-gnu': [ '16.1.6' ],
167 silly audit   '@next/swc-linux-x64-musl': [ '16.1.6' ],
167 silly audit   '@next/swc-win32-arm64-msvc': [ '16.1.6' ],
167 silly audit   '@next/swc-win32-x64-msvc': [ '16.1.6' ],
167 silly audit   '@nodelib/fs.scandir': [ '2.1.5' ],
167 silly audit   '@nodelib/fs.stat': [ '2.0.5' ],
167 silly audit   '@nodelib/fs.walk': [ '1.2.8' ],
167 silly audit   '@nolyfill/is-core-module': [ '1.0.39' ],
167 silly audit   '@rtsao/scc': [ '1.1.0' ],
167 silly audit   '@swc/helpers': [ '0.5.15' ],
167 silly audit   '@tailwindcss/node': [ '4.2.1' ],
167 silly audit   '@tailwindcss/oxide': [ '4.2.1' ],
167 silly audit   '@tailwindcss/oxide-android-arm64': [ '4.2.1' ],
167 silly audit   '@tailwindcss/oxide-darwin-arm64': [ '4.2.1' ],
167 silly audit   '@tailwindcss/oxide-darwin-x64': [ '4.2.1' ],
167 silly audit   '@tailwindcss/oxide-freebsd-x64': [ '4.2.1' ],
167 silly audit   '@tailwindcss/oxide-linux-arm-gnueabihf': [ '4.2.1' ],
167 silly audit   '@tailwindcss/oxide-linux-arm64-gnu': [ '4.2.1' ],
167 silly audit   '@tailwindcss/oxide-linux-arm64-musl': [ '4.2.1' ],
167 silly audit   '@tailwindcss/oxide-linux-x64-gnu': [ '4.2.1' ],
167 silly audit   '@tailwindcss/oxide-linux-x64-musl': [ '4.2.1' ],
167 silly audit   '@tailwindcss/oxide-win32-arm64-msvc': [ '4.2.1' ],
167 silly audit   '@tailwindcss/oxide-win32-x64-msvc': [ '4.2.1' ],
167 silly audit   '@tailwindcss/postcss': [ '4.2.1' ],
167 silly audit   '@tybys/wasm-util': [ '0.10.1' ],
167 silly audit   '@types/estree': [ '1.0.8' ],
167 silly audit   '@types/json-schema': [ '7.0.15' ],
167 silly audit   '@types/json5': [ '0.0.29' ],
167 silly audit   '@types/node': [ '20.19.37' ],
167 silly audit   '@types/react': [ '19.2.14' ],
167 silly audit   '@types/react-dom': [ '19.2.3' ],
167 silly audit   '@typescript-eslint/eslint-plugin': [ '8.57.1' ],
167 silly audit   ignore: [ '7.0.5', '5.3.2' ],
167 silly audit   '@typescript-eslint/parser': [ '8.57.1' ],
167 silly audit   '@typescript-eslint/project-service': [ '8.57.1' ],
167 silly audit   '@typescript-eslint/scope-manager': [ '8.57.1' ],
167 silly audit   '@typescript-eslint/tsconfig-utils': [ '8.57.1' ],
167 silly audit   '@typescript-eslint/type-utils': [ '8.57.1' ],
167 silly audit   '@typescript-eslint/types': [ '8.57.1' ],
167 silly audit   '@typescript-eslint/typescript-estree': [ '8.57.1' ],
167 silly audit   'balanced-match': [ '4.0.4', '1.0.2' ],
167 silly audit   'brace-expansion': [ '5.0.4', '1.1.12' ],
167 silly audit   minimatch: [ '10.2.4', '3.1.5' ],
167 silly audit   semver: [ '7.7.4', '6.3.1' ],
167 silly audit   '@typescript-eslint/utils': [ '8.57.1' ],
167 silly audit   '@typescript-eslint/visitor-keys': [ '8.57.1' ],
167 silly audit   '@unrs/resolver-binding-android-arm-eabi': [ '1.11.1' ],
167 silly audit   '@unrs/resolver-binding-android-arm64': [ '1.11.1' ],
167 silly audit   '@unrs/resolver-binding-darwin-arm64': [ '1.11.1' ],
167 silly audit   '@unrs/resolver-binding-darwin-x64': [ '1.11.1' ],
167 silly audit   '@unrs/resolver-binding-freebsd-x64': [ '1.11.1' ],
167 silly audit   '@unrs/resolver-binding-linux-arm-gnueabihf': [ '1.11.1' ],
167 silly audit   '@unrs/resolver-binding-linux-arm-musleabihf': [ '1.11.1' ],
167 silly audit   '@unrs/resolver-binding-linux-arm64-gnu': [ '1.11.1' ],
167 silly audit   '@unrs/resolver-binding-linux-arm64-musl': [ '1.11.1' ],
167 silly audit   '@unrs/resolver-binding-linux-ppc64-gnu': [ '1.11.1' ],
167 silly audit   '@unrs/resolver-binding-linux-riscv64-gnu': [ '1.11.1' ],
167 silly audit   '@unrs/resolver-binding-linux-riscv64-musl': [ '1.11.1' ],
167 silly audit   '@unrs/resolver-binding-linux-s390x-gnu': [ '1.11.1' ],
167 silly audit   '@unrs/resolver-binding-linux-x64-gnu': [ '1.11.1' ],
167 silly audit   '@unrs/resolver-binding-linux-x64-musl': [ '1.11.1' ],
167 silly audit   '@unrs/resolver-binding-wasm32-wasi': [ '1.11.1' ],
167 silly audit   '@unrs/resolver-binding-win32-arm64-msvc': [ '1.11.1' ],
167 silly audit   '@unrs/resolver-binding-win32-ia32-msvc': [ '1.11.1' ],
167 silly audit   '@unrs/resolver-binding-win32-x64-msvc': [ '1.11.1' ],
167 silly audit   acorn: [ '8.16.0' ],
167 silly audit   'acorn-jsx': [ '5.3.2' ],
167 silly audit   ajv: [ '6.14.0' ],
167 silly audit   'ansi-styles': [ '4.3.0' ],
167 silly audit   argparse: [ '2.0.1' ],
167 silly audit   'aria-query': [ '5.3.2' ],
167 silly audit   'array-buffer-byte-length': [ '1.0.2' ],
167 silly audit   'array-includes': [ '3.1.9' ],
167 silly audit   'array.prototype.findlast': [ '1.2.5' ],
167 silly audit   'array.prototype.findlastindex': [ '1.2.6' ],
167 silly audit   'array.prototype.flat': [ '1.3.3' ],
167 silly audit   'array.prototype.flatmap': [ '1.3.3' ],
167 silly audit   'array.prototype.tosorted': [ '1.1.4' ],
167 silly audit   'arraybuffer.prototype.slice': [ '1.0.4' ],
167 silly audit   'ast-types-flow': [ '0.0.8' ],
167 silly audit   'async-function': [ '1.0.0' ],
167 silly audit   'available-typed-arrays': [ '1.0.7' ],
167 silly audit   'axe-core': [ '4.11.1' ],
167 silly audit   'axobject-query': [ '4.1.0' ],
167 silly audit   'baseline-browser-mapping': [ '2.10.8' ],
167 silly audit   braces: [ '3.0.3' ],
167 silly audit   browserslist: [ '4.28.1' ],
167 silly audit   'call-bind': [ '1.0.8' ],
167 silly audit   'call-bind-apply-helpers': [ '1.0.2' ],
167 silly audit   'call-bound': [ '1.0.4' ],
167 silly audit   callsites: [ '3.1.0' ],
167 silly audit   'caniuse-lite': [ '1.0.30001779' ],
167 silly audit   chalk: [ '4.1.2' ],
167 silly audit   'client-only': [ '0.0.1' ],
167 silly audit   'color-convert': [ '2.0.1' ],
167 silly audit   'color-name': [ '1.1.4' ],
167 silly audit   'concat-map': [ '0.0.1' ],
167 silly audit   'convert-source-map': [ '2.0.0' ],
167 silly audit   'cross-spawn': [ '7.0.6' ],
167 silly audit   csstype: [ '3.2.3' ],
167 silly audit   'damerau-levenshtein': [ '1.0.8' ],
167 silly audit   'data-view-buffer': [ '1.0.2' ],
167 silly audit   'data-view-byte-length': [ '1.0.2' ],
167 silly audit   'data-view-byte-offset': [ '1.0.1' ],
167 silly audit   debug: [ '4.4.3', '3.2.7' ],
167 silly audit   'deep-is': [ '0.1.4' ],
167 silly audit   'define-data-property': [ '1.1.4' ],
167 silly audit   'define-properties': [ '1.2.1' ],
167 silly audit   'detect-libc': [ '2.1.2' ],
167 silly audit   doctrine: [ '2.1.0' ],
167 silly audit   'dunder-proto': [ '1.0.1' ],
167 silly audit   'electron-to-chromium': [ '1.5.313' ],
167 silly audit   'emoji-regex': [ '9.2.2' ],
167 silly audit   'enhanced-resolve': [ '5.20.0' ],
167 silly audit   'es-abstract': [ '1.24.1' ],
167 silly audit   'es-define-property': [ '1.0.1' ],
167 silly audit   'es-errors': [ '1.3.0' ],
167 silly audit   'es-iterator-helpers': [ '1.3.1' ],
167 silly audit   'es-object-atoms': [ '1.1.1' ],
167 silly audit   'es-set-tostringtag': [ '2.1.0' ],
167 silly audit   'es-shim-unscopables': [ '1.1.0' ],
167 silly audit   'es-to-primitive': [ '1.3.0' ],
167 silly audit   escalade: [ '3.2.0' ],
167 silly audit   'escape-string-regexp': [ '4.0.0' ],
167 silly audit   eslint: [ '9.39.4' ],
167 silly audit   'eslint-config-next': [ '16.1.6' ],
167 silly audit   globals: [ '16.4.0', '14.0.0' ],
167 silly audit   'eslint-import-resolver-node': [ '0.3.9' ],
167 silly audit   'eslint-import-resolver-typescript': [ '3.10.1' ],
167 silly audit   'eslint-module-utils': [ '2.12.1' ],
167 silly audit   'eslint-plugin-import': [ '2.32.0' ],
167 silly audit   'eslint-plugin-jsx-a11y': [ '6.10.2' ],
167 silly audit   'eslint-plugin-react': [ '7.37.5' ],
167 silly audit   'eslint-plugin-react-hooks': [ '7.0.1' ],
167 silly audit   resolve: [ '2.0.0-next.6', '1.22.11' ],
167 silly audit   'eslint-scope': [ '8.4.0' ],
167 silly audit   espree: [ '10.4.0' ],
167 silly audit   esquery: [ '1.7.0' ],
167 silly audit   esrecurse: [ '4.3.0' ],
167 silly audit   estraverse: [ '5.3.0' ],
167 silly audit   esutils: [ '2.0.3' ],
167 silly audit   'fast-deep-equal': [ '3.1.3' ],
167 silly audit   'fast-glob': [ '3.3.1' ],
167 silly audit   'glob-parent': [ '5.1.2', '6.0.2' ],
167 silly audit   'fast-json-stable-stringify': [ '2.1.0' ],
167 silly audit   'fast-levenshtein': [ '2.0.6' ],
167 silly audit   fastq: [ '1.20.1' ],
167 silly audit   'file-entry-cache': [ '8.0.0' ],
167 silly audit   'fill-range': [ '7.1.1' ],
167 silly audit   'find-up': [ '5.0.0' ],
167 silly audit   'flat-cache': [ '4.0.1' ],
167 silly audit   flatted: [ '3.4.1' ],
167 silly audit   'for-each': [ '0.3.5' ],
167 silly audit   'function-bind': [ '1.1.2' ],
167 silly audit   'function.prototype.name': [ '1.1.8' ],
167 silly audit   'functions-have-names': [ '1.2.3' ],
167 silly audit   'generator-function': [ '2.0.1' ],
167 silly audit   gensync: [ '1.0.0-beta.2' ],
167 silly audit   'get-intrinsic': [ '1.3.0' ],
167 silly audit   'get-proto': [ '1.0.1' ],
167 silly audit   'get-symbol-description': [ '1.1.0' ],
167 silly audit   'get-tsconfig': [ '4.13.6' ],
167 silly audit   globalthis: [ '1.0.4' ],
167 silly audit   gopd: [ '1.2.0' ],
167 silly audit   'graceful-fs': [ '4.2.11' ],
167 silly audit   'has-bigints': [ '1.1.0' ],
167 silly audit   'has-flag': [ '4.0.0' ],
167 silly audit   'has-property-descriptors': [ '1.0.2' ],
167 silly audit   'has-proto': [ '1.2.0' ],
167 silly audit   'has-symbols': [ '1.1.0' ],
167 silly audit   'has-tostringtag': [ '1.0.2' ],
167 silly audit   hasown: [ '2.0.2' ],
167 silly audit   'hermes-estree': [ '0.25.1' ],
167 silly audit   'hermes-parser': [ '0.25.1' ],
167 silly audit   'import-fresh': [ '3.3.1' ],
167 silly audit   imurmurhash: [ '0.1.4' ],
167 silly audit   'internal-slot': [ '1.1.0' ],
167 silly audit   'is-array-buffer': [ '3.0.5' ],
167 silly audit   'is-async-function': [ '2.1.1' ],
167 silly audit   'is-bigint': [ '1.1.0' ],
167 silly audit   'is-boolean-object': [ '1.2.2' ],
167 silly audit   'is-bun-module': [ '2.0.0' ],
167 silly audit   'is-callable': [ '1.2.7' ],
167 silly audit   'is-core-module': [ '2.16.1' ],
167 silly audit   'is-data-view': [ '1.0.2' ],
167 silly audit   'is-date-object': [ '1.1.0' ],
167 silly audit   'is-extglob': [ '2.1.1' ],
167 silly audit   'is-finalizationregistry': [ '1.1.1' ],
167 silly audit   'is-generator-function': [ '1.1.2' ],
167 silly audit   'is-glob': [ '4.0.3' ],
167 silly audit   'is-map': [ '2.0.3' ],
167 silly audit   'is-negative-zero': [ '2.0.3' ],
167 silly audit   'is-number': [ '7.0.0' ],
167 silly audit   'is-number-object': [ '1.1.1' ],
167 silly audit   'is-regex': [ '1.2.1' ],
167 silly audit   'is-set': [ '2.0.3' ],
167 silly audit   'is-shared-array-buffer': [ '1.0.4' ],
167 silly audit   'is-string': [ '1.1.1' ],
167 silly audit   'is-symbol': [ '1.1.1' ],
167 silly audit   'is-typed-array': [ '1.1.15' ],
167 silly audit   'is-weakmap': [ '2.0.2' ],
167 silly audit   'is-weakref': [ '1.1.1' ],
167 silly audit   'is-weakset': [ '2.0.4' ],
167 silly audit   isarray: [ '2.0.5' ],
167 silly audit   isexe: [ '2.0.0' ],
167 silly audit   'iterator.prototype': [ '1.1.5' ],
167 silly audit   jiti: [ '2.6.1' ],
167 silly audit   'js-tokens': [ '4.0.0' ],
167 silly audit   'js-yaml': [ '4.1.1' ],
167 silly audit   jsesc: [ '3.1.0' ],
167 silly audit   'json-buffer': [ '3.0.1' ],
167 silly audit   'json-schema-traverse': [ '0.4.1' ],
167 silly audit   'json-stable-stringify-without-jsonify': [ '1.0.1' ],
167 silly audit   json5: [ '2.2.3', '1.0.2' ],
167 silly audit   'jsx-ast-utils': [ '3.3.5' ],
167 silly audit   keyv: [ '4.5.4' ],
167 silly audit   'language-subtag-registry': [ '0.3.23' ],
167 silly audit   'language-tags': [ '1.0.9' ],
167 silly audit   levn: [ '0.4.1' ],
167 silly audit   lightningcss: [ '1.31.1' ],
167 silly audit   'lightningcss-android-arm64': [ '1.31.1' ],
167 silly audit   'lightningcss-darwin-arm64': [ '1.31.1' ],
167 silly audit   'lightningcss-darwin-x64': [ '1.31.1' ],
167 silly audit   'lightningcss-freebsd-x64': [ '1.31.1' ],
167 silly audit   'lightningcss-linux-arm-gnueabihf': [ '1.31.1' ],
167 silly audit   'lightningcss-linux-arm64-gnu': [ '1.31.1' ],
167 silly audit   'lightningcss-linux-arm64-musl': [ '1.31.1' ],
167 silly audit   'lightningcss-linux-x64-gnu': [ '1.31.1' ],
167 silly audit   'lightningcss-linux-x64-musl': [ '1.31.1' ],
167 silly audit   'lightningcss-win32-arm64-msvc': [ '1.31.1' ],
167 silly audit   'lightningcss-win32-x64-msvc': [ '1.31.1' ],
167 silly audit   'locate-path': [ '6.0.0' ],
167 silly audit   'lodash.merge': [ '4.6.2' ],
167 silly audit   'loose-envify': [ '1.4.0' ],
167 silly audit   'lru-cache': [ '5.1.1' ],
167 silly audit   'magic-string': [ '0.30.21' ],
167 silly audit   'math-intrinsics': [ '1.1.0' ],
167 silly audit   merge2: [ '1.4.1' ],
167 silly audit   micromatch: [ '4.0.8' ],
167 silly audit   minimist: [ '1.2.8' ],
167 silly audit   ms: [ '2.1.3' ],
167 silly audit   nanoid: [ '3.3.11' ],
167 silly audit   'napi-postinstall': [ '0.3.4' ],
167 silly audit   'natural-compare': [ '1.4.0' ],
167 silly audit   next: [ '16.1.6' ],
167 silly audit   postcss: [ '8.4.31', '8.5.8' ],
167 silly audit   'node-exports-info': [ '1.6.0' ],
167 silly audit   'node-releases': [ '2.0.36' ],
167 silly audit   'object-assign': [ '4.1.1' ],
167 silly audit   'object-inspect': [ '1.13.4' ],
167 silly audit   'object-keys': [ '1.1.1' ],
167 silly audit   'object.assign': [ '4.1.7' ],
167 silly audit   'object.entries': [ '1.1.9' ],
167 silly audit   'object.fromentries': [ '2.0.8' ],
167 silly audit   'object.groupby': [ '1.0.3' ],
167 silly audit   'object.values': [ '1.2.1' ],
167 silly audit   optionator: [ '0.9.4' ],
167 silly audit   'own-keys': [ '1.0.1' ],
167 silly audit   'p-limit': [ '3.1.0' ],
167 silly audit   'p-locate': [ '5.0.0' ],
167 silly audit   'parent-module': [ '1.0.1' ],
167 silly audit   'path-exists': [ '4.0.0' ],
167 silly audit   'path-key': [ '3.1.1' ],
167 silly audit   'path-parse': [ '1.0.7' ],
167 silly audit   picocolors: [ '1.1.1' ],
167 silly audit   picomatch: [ '2.3.1', '4.0.3' ],
167 silly audit   'possible-typed-array-names': [ '1.1.0' ],
167 silly audit   'prelude-ls': [ '1.2.1' ],
167 silly audit   'prop-types': [ '15.8.1' ],
167 silly audit   punycode: [ '2.3.1' ],
167 silly audit   'queue-microtask': [ '1.2.3' ],
167 silly audit   react: [ '19.2.3' ],
167 silly audit   'react-dom': [ '19.2.3' ],
167 silly audit   'react-is': [ '16.13.1' ],
167 silly audit   'reflect.getprototypeof': [ '1.0.10' ],
167 silly audit   'regexp.prototype.flags': [ '1.5.4' ],
167 silly audit   'resolve-from': [ '4.0.0' ],
167 silly audit   'resolve-pkg-maps': [ '1.0.0' ],
167 silly audit   reusify: [ '1.1.0' ],
167 silly audit   'run-parallel': [ '1.2.0' ],
167 silly audit   'safe-array-concat': [ '1.1.3' ],
167 silly audit   'safe-push-apply': [ '1.0.0' ],
167 silly audit   'safe-regex-test': [ '1.1.0' ],
167 silly audit   scheduler: [ '0.27.0' ],
167 silly audit   'set-function-length': [ '1.2.2' ],
167 silly audit   'set-function-name': [ '2.0.2' ],
167 silly audit   'set-proto': [ '1.0.0' ],
167 silly audit   sharp: [ '0.34.5' ],
167 silly audit   'shebang-command': [ '2.0.0' ],
167 silly audit   'shebang-regex': [ '3.0.0' ],
167 silly audit   'side-channel': [ '1.1.0' ],
167 silly audit   'side-channel-list': [ '1.0.0' ],
167 silly audit   'side-channel-map': [ '1.0.1' ],
167 silly audit   'side-channel-weakmap': [ '1.0.2' ],
167 silly audit   'source-map-js': [ '1.2.1' ],
167 silly audit   'stable-hash': [ '0.0.5' ],
167 silly audit   'stop-iteration-iterator': [ '1.1.0' ],
167 silly audit   'string.prototype.includes': [ '2.0.1' ],
167 silly audit   'string.prototype.matchall': [ '4.0.12' ],
167 silly audit   'string.prototype.repeat': [ '1.0.0' ],
167 silly audit   'string.prototype.trim': [ '1.2.10' ],
167 silly audit   'string.prototype.trimend': [ '1.0.9' ],
167 silly audit   'string.prototype.trimstart': [ '1.0.8' ],
167 silly audit   'strip-bom': [ '3.0.0' ],
167 silly audit   'strip-json-comments': [ '3.1.1' ],
167 silly audit   'styled-jsx': [ '5.1.6' ],
167 silly audit   'supports-color': [ '7.2.0' ],
167 silly audit   'supports-preserve-symlinks-flag': [ '1.0.0' ],
167 silly audit   tailwindcss: [ '4.2.1' ],
167 silly audit   tapable: [ '2.3.0' ],
167 silly audit   tinyglobby: [ '0.2.15' ],
167 silly audit   fdir: [ '6.5.0' ],
167 silly audit   'to-regex-range': [ '5.0.1' ],
167 silly audit   'ts-api-utils': [ '2.4.0' ],
167 silly audit   'tsconfig-paths': [ '3.15.0' ],
167 silly audit   tslib: [ '2.8.1' ],
167 silly audit   'type-check': [ '0.4.0' ],
167 silly audit   'typed-array-buffer': [ '1.0.3' ],
167 silly audit   'typed-array-byte-length': [ '1.0.3' ],
167 silly audit   'typed-array-byte-offset': [ '1.0.4' ],
167 silly audit   'typed-array-length': [ '1.0.7' ],
167 silly audit   typescript: [ '5.9.3' ],
167 silly audit   'typescript-eslint': [ '8.57.1' ],
167 silly audit   'unbox-primitive': [ '1.1.0' ],
167 silly audit   'undici-types': [ '6.21.0' ],
167 silly audit   'unrs-resolver': [ '1.11.1' ],
167 silly audit   'update-browserslist-db': [ '1.2.3' ],
167 silly audit   'uri-js': [ '4.4.1' ],
167 silly audit   which: [ '2.0.2' ],
167 silly audit   'which-boxed-primitive': [ '1.1.1' ],
167 silly audit   'which-builtin-type': [ '1.2.1' ],
167 silly audit   'which-collection': [ '1.0.2' ],
167 silly audit   'which-typed-array': [ '1.1.20' ],
167 silly audit   'word-wrap': [ '1.2.5' ],
167 silly audit   yallist: [ '3.1.1' ],
167 silly audit   'yocto-queue': [ '0.1.0' ],
167 silly audit   zod: [ '4.3.6' ],
167 silly audit   'zod-validation-error': [ '4.0.2' ],
167 silly audit   clsx: [ '2.1.1' ],
167 silly audit   'framer-motion': [ '12.37.0' ],
167 silly audit   'lucide-react': [ '0.577.0' ],
167 silly audit   mongoose: [ '9.3.0' ],
167 silly audit   'tailwind-merge': [ '3.5.0' ],
167 silly audit   'motion-dom': [ '12.37.0' ],
167 silly audit   'motion-utils': [ '12.36.0' ],
167 silly audit   kareem: [ '3.2.0' ],
167 silly audit   mongodb: [ '7.1.0' ],
167 silly audit   mpath: [ '0.9.0' ],
167 silly audit   mquery: [ '6.0.0' ],
167 silly audit   sift: [ '17.1.3' ],
167 silly audit   '@mongodb-js/saslprep': [ '1.4.6' ],
167 silly audit   bson: [ '7.2.0' ],
167 silly audit   'mongodb-connection-string-url': [ '7.0.1' ],
167 silly audit   'sparse-bitfield': [ '3.0.3' ],
167 silly audit   '@types/whatwg-url': [ '13.0.0' ],
167 silly audit   'whatwg-url': [ '14.2.0' ],
167 silly audit   '@types/webidl-conversions': [ '7.0.3' ],
167 silly audit   'memory-pager': [ '1.5.0' ],
167 silly audit   tr46: [ '5.1.1' ],
167 silly audit   'webidl-conversions': [ '7.0.0' ],
167 silly audit   '@tailwindcss/oxide-wasm32-wasi': [ '4.2.1' ]
167 silly audit }
168 verbose reify failed optional dependency E:\Realestate\node_modules\lightningcss-win32-arm64-msvc
169 silly reify mark deleted [ 'E:\\Realestate\\node_modules\\lightningcss-win32-arm64-msvc' ]
170 verbose reify failed optional dependency E:\Realestate\node_modules\lightningcss-linux-x64-musl
171 silly reify mark deleted [ 'E:\\Realestate\\node_modules\\lightningcss-linux-x64-musl' ]
172 verbose reify failed optional dependency E:\Realestate\node_modules\lightningcss-linux-x64-gnu
173 silly reify mark deleted [ 'E:\\Realestate\\node_modules\\lightningcss-linux-x64-gnu' ]
174 verbose reify failed optional dependency E:\Realestate\node_modules\lightningcss-linux-arm64-musl
175 silly reify mark deleted [ 'E:\\Realestate\\node_modules\\lightningcss-linux-arm64-musl' ]
176 verbose reify failed optional dependency E:\Realestate\node_modules\lightningcss-linux-arm64-gnu
177 silly reify mark deleted [ 'E:\\Realestate\\node_modules\\lightningcss-linux-arm64-gnu' ]
178 verbose reify failed optional dependency E:\Realestate\node_modules\lightningcss-linux-arm-gnueabihf
179 silly reify mark deleted [ 'E:\\Realestate\\node_modules\\lightningcss-linux-arm-gnueabihf' ]
180 verbose reify failed optional dependency E:\Realestate\node_modules\lightningcss-freebsd-x64
181 silly reify mark deleted [ 'E:\\Realestate\\node_modules\\lightningcss-freebsd-x64' ]
182 verbose reify failed optional dependency E:\Realestate\node_modules\lightningcss-darwin-x64
183 silly reify mark deleted [ 'E:\\Realestate\\node_modules\\lightningcss-darwin-x64' ]
184 verbose reify failed optional dependency E:\Realestate\node_modules\lightningcss-darwin-arm64
185 silly reify mark deleted [ 'E:\\Realestate\\node_modules\\lightningcss-darwin-arm64' ]
186 verbose reify failed optional dependency E:\Realestate\node_modules\lightningcss-android-arm64
187 silly reify mark deleted [ 'E:\\Realestate\\node_modules\\lightningcss-android-arm64' ]
188 verbose reify failed optional dependency E:\Realestate\node_modules\@unrs\resolver-binding-win32-ia32-msvc
189 silly reify mark deleted [
189 silly reify   'E:\\Realestate\\node_modules\\@unrs\\resolver-binding-win32-ia32-msvc'
189 silly reify ]
190 verbose reify failed optional dependency E:\Realestate\node_modules\@unrs\resolver-binding-win32-arm64-msvc
191 silly reify mark deleted [
191 silly reify   'E:\\Realestate\\node_modules\\@unrs\\resolver-binding-win32-arm64-msvc'
191 silly reify ]
192 verbose reify failed optional dependency E:\Realestate\node_modules\@unrs\resolver-binding-wasm32-wasi
193 silly reify mark deleted [ 'E:\\Realestate\\node_modules\\@unrs\\resolver-binding-wasm32-wasi' ]
194 verbose reify failed optional dependency E:\Realestate\node_modules\@unrs\resolver-binding-linux-x64-musl
195 silly reify mark deleted [
195 silly reify   'E:\\Realestate\\node_modules\\@unrs\\resolver-binding-linux-x64-musl'
195 silly reify ]
196 verbose reify failed optional dependency E:\Realestate\node_modules\@unrs\resolver-binding-linux-x64-gnu
197 silly reify mark deleted [
197 silly reify   'E:\\Realestate\\node_modules\\@unrs\\resolver-binding-linux-x64-gnu'
197 silly reify ]
198 verbose reify failed optional dependency E:\Realestate\node_modules\@unrs\resolver-binding-linux-s390x-gnu
199 silly reify mark deleted [
199 silly reify   'E:\\Realestate\\node_modules\\@unrs\\resolver-binding-linux-s390x-gnu'
199 silly reify ]
200 verbose reify failed optional dependency E:\Realestate\node_modules\@unrs\resolver-binding-linux-riscv64-musl
201 silly reify mark deleted [
201 silly reify   'E:\\Realestate\\node_modules\\@unrs\\resolver-binding-linux-riscv64-musl'
201 silly reify ]
202 verbose reify failed optional dependency E:\Realestate\node_modules\@unrs\resolver-binding-linux-riscv64-gnu
203 silly reify mark deleted [
203 silly reify   'E:\\Realestate\\node_modules\\@unrs\\resolver-binding-linux-riscv64-gnu'
203 silly reify ]
204 verbose reify failed optional dependency E:\Realestate\node_modules\@unrs\resolver-binding-linux-ppc64-gnu
205 silly reify mark deleted [
205 silly reify   'E:\\Realestate\\node_modules\\@unrs\\resolver-binding-linux-ppc64-gnu'
205 silly reify ]
206 verbose reify failed optional dependency E:\Realestate\node_modules\@unrs\resolver-binding-linux-arm64-musl
207 silly reify mark deleted [
207 silly reify   'E:\\Realestate\\node_modules\\@unrs\\resolver-binding-linux-arm64-musl'
207 silly reify ]
208 verbose reify failed optional dependency E:\Realestate\node_modules\@unrs\resolver-binding-linux-arm64-gnu
209 silly reify mark deleted [
209 silly reify   'E:\\Realestate\\node_modules\\@unrs\\resolver-binding-linux-arm64-gnu'
209 silly reify ]
210 verbose reify failed optional dependency E:\Realestate\node_modules\@unrs\resolver-binding-linux-arm-musleabihf
211 silly reify mark deleted [
211 silly reify   'E:\\Realestate\\node_modules\\@unrs\\resolver-binding-linux-arm-musleabihf'
211 silly reify ]
212 verbose reify failed optional dependency E:\Realestate\node_modules\@unrs\resolver-binding-linux-arm-gnueabihf
213 silly reify mark deleted [
213 silly reify   'E:\\Realestate\\node_modules\\@unrs\\resolver-binding-linux-arm-gnueabihf'
213 silly reify ]
214 verbose reify failed optional dependency E:\Realestate\node_modules\@unrs\resolver-binding-freebsd-x64
215 silly reify mark deleted [ 'E:\\Realestate\\node_modules\\@unrs\\resolver-binding-freebsd-x64' ]
216 verbose reify failed optional dependency E:\Realestate\node_modules\@unrs\resolver-binding-darwin-x64
217 silly reify mark deleted [ 'E:\\Realestate\\node_modules\\@unrs\\resolver-binding-darwin-x64' ]
218 verbose reify failed optional dependency E:\Realestate\node_modules\@unrs\resolver-binding-darwin-arm64
219 silly reify mark deleted [
219 silly reify   'E:\\Realestate\\node_modules\\@unrs\\resolver-binding-darwin-arm64'
219 silly reify ]
220 verbose reify failed optional dependency E:\Realestate\node_modules\@unrs\resolver-binding-android-arm64
221 silly reify mark deleted [
221 silly reify   'E:\\Realestate\\node_modules\\@unrs\\resolver-binding-android-arm64'
221 silly reify ]
222 verbose reify failed optional dependency E:\Realestate\node_modules\@unrs\resolver-binding-android-arm-eabi
223 silly reify mark deleted [
223 silly reify   'E:\\Realestate\\node_modules\\@unrs\\resolver-binding-android-arm-eabi'
223 silly reify ]
224 verbose reify failed optional dependency E:\Realestate\node_modules\@tailwindcss\oxide-win32-arm64-msvc
225 silly reify mark deleted [
225 silly reify   'E:\\Realestate\\node_modules\\@tailwindcss\\oxide-win32-arm64-msvc'
225 silly reify ]
226 verbose reify failed optional dependency E:\Realestate\node_modules\@tailwindcss\oxide-linux-x64-musl
227 silly reify mark deleted [ 'E:\\Realestate\\node_modules\\@tailwindcss\\oxide-linux-x64-musl' ]
228 verbose reify failed optional dependency E:\Realestate\node_modules\@tailwindcss\oxide-linux-x64-gnu
229 silly reify mark deleted [ 'E:\\Realestate\\node_modules\\@tailwindcss\\oxide-linux-x64-gnu' ]
230 verbose reify failed optional dependency E:\Realestate\node_modules\@tailwindcss\oxide-linux-arm64-musl
231 silly reify mark deleted [
231 silly reify   'E:\\Realestate\\node_modules\\@tailwindcss\\oxide-linux-arm64-musl'
231 silly reify ]
232 verbose reify failed optional dependency E:\Realestate\node_modules\@tailwindcss\oxide-linux-arm64-gnu
233 silly reify mark deleted [ 'E:\\Realestate\\node_modules\\@tailwindcss\\oxide-linux-arm64-gnu' ]
234 verbose reify failed optional dependency E:\Realestate\node_modules\@tailwindcss\oxide-linux-arm-gnueabihf
235 silly reify mark deleted [
235 silly reify   'E:\\Realestate\\node_modules\\@tailwindcss\\oxide-linux-arm-gnueabihf'
235 silly reify ]
236 verbose reify failed optional dependency E:\Realestate\node_modules\@tailwindcss\oxide-freebsd-x64
237 silly reify mark deleted [ 'E:\\Realestate\\node_modules\\@tailwindcss\\oxide-freebsd-x64' ]
238 verbose reify failed optional dependency E:\Realestate\node_modules\@tailwindcss\oxide-darwin-x64
239 silly reify mark deleted [ 'E:\\Realestate\\node_modules\\@tailwindcss\\oxide-darwin-x64' ]
240 verbose reify failed optional dependency E:\Realestate\node_modules\@tailwindcss\oxide-darwin-arm64
241 silly reify mark deleted [ 'E:\\Realestate\\node_modules\\@tailwindcss\\oxide-darwin-arm64' ]
242 verbose reify failed optional dependency E:\Realestate\node_modules\@tailwindcss\oxide-android-arm64
243 silly reify mark deleted [ 'E:\\Realestate\\node_modules\\@tailwindcss\\oxide-android-arm64' ]
244 verbose reify failed optional dependency E:\Realestate\node_modules\@next\swc-win32-arm64-msvc
245 silly reify mark deleted [ 'E:\\Realestate\\node_modules\\@next\\swc-win32-arm64-msvc' ]
246 verbose reify failed optional dependency E:\Realestate\node_modules\@next\swc-linux-x64-musl
247 silly reify mark deleted [ 'E:\\Realestate\\node_modules\\@next\\swc-linux-x64-musl' ]
248 verbose reify failed optional dependency E:\Realestate\node_modules\@next\swc-linux-x64-gnu
249 silly reify mark deleted [ 'E:\\Realestate\\node_modules\\@next\\swc-linux-x64-gnu' ]
250 verbose reify failed optional dependency E:\Realestate\node_modules\@next\swc-linux-arm64-musl
251 silly reify mark deleted [ 'E:\\Realestate\\node_modules\\@next\\swc-linux-arm64-musl' ]
252 verbose reify failed optional dependency E:\Realestate\node_modules\@next\swc-linux-arm64-gnu
253 silly reify mark deleted [ 'E:\\Realestate\\node_modules\\@next\\swc-linux-arm64-gnu' ]
254 verbose reify failed optional dependency E:\Realestate\node_modules\@next\swc-darwin-x64
255 silly reify mark deleted [ 'E:\\Realestate\\node_modules\\@next\\swc-darwin-x64' ]
256 verbose reify failed optional dependency E:\Realestate\node_modules\@next\swc-darwin-arm64
257 silly reify mark deleted [ 'E:\\Realestate\\node_modules\\@next\\swc-darwin-arm64' ]
258 verbose reify failed optional dependency E:\Realestate\node_modules\@img\sharp-win32-ia32
259 silly reify mark deleted [ 'E:\\Realestate\\node_modules\\@img\\sharp-win32-ia32' ]
260 verbose reify failed optional dependency E:\Realestate\node_modules\@img\sharp-win32-arm64
261 silly reify mark deleted [ 'E:\\Realestate\\node_modules\\@img\\sharp-win32-arm64' ]
262 verbose reify failed optional dependency E:\Realestate\node_modules\@img\sharp-wasm32
263 silly reify mark deleted [ 'E:\\Realestate\\node_modules\\@img\\sharp-wasm32' ]
264 verbose reify failed optional dependency E:\Realestate\node_modules\@img\sharp-linuxmusl-x64
265 silly reify mark deleted [ 'E:\\Realestate\\node_modules\\@img\\sharp-linuxmusl-x64' ]
266 verbose reify failed optional dependency E:\Realestate\node_modules\@img\sharp-linuxmusl-arm64
267 silly reify mark deleted [ 'E:\\Realestate\\node_modules\\@img\\sharp-linuxmusl-arm64' ]
268 verbose reify failed optional dependency E:\Realestate\node_modules\@img\sharp-linux-x64
269 silly reify mark deleted [ 'E:\\Realestate\\node_modules\\@img\\sharp-linux-x64' ]
270 verbose reify failed optional dependency E:\Realestate\node_modules\@img\sharp-linux-s390x
271 silly reify mark deleted [ 'E:\\Realestate\\node_modules\\@img\\sharp-linux-s390x' ]
272 verbose reify failed optional dependency E:\Realestate\node_modules\@img\sharp-linux-riscv64
273 silly reify mark deleted [ 'E:\\Realestate\\node_modules\\@img\\sharp-linux-riscv64' ]
274 verbose reify failed optional dependency E:\Realestate\node_modules\@img\sharp-linux-ppc64
275 silly reify mark deleted [ 'E:\\Realestate\\node_modules\\@img\\sharp-linux-ppc64' ]
276 verbose reify failed optional dependency E:\Realestate\node_modules\@img\sharp-linux-arm64
277 silly reify mark deleted [ 'E:\\Realestate\\node_modules\\@img\\sharp-linux-arm64' ]
278 verbose reify failed optional dependency E:\Realestate\node_modules\@img\sharp-linux-arm
279 silly reify mark deleted [ 'E:\\Realestate\\node_modules\\@img\\sharp-linux-arm' ]
280 verbose reify failed optional dependency E:\Realestate\node_modules\@img\sharp-libvips-linuxmusl-x64
281 silly reify mark deleted [ 'E:\\Realestate\\node_modules\\@img\\sharp-libvips-linuxmusl-x64' ]
282 verbose reify failed optional dependency E:\Realestate\node_modules\@img\sharp-libvips-linuxmusl-arm64
283 silly reify mark deleted [ 'E:\\Realestate\\node_modules\\@img\\sharp-libvips-linuxmusl-arm64' ]
284 verbose reify failed optional dependency E:\Realestate\node_modules\@img\sharp-libvips-linux-x64
285 silly reify mark deleted [ 'E:\\Realestate\\node_modules\\@img\\sharp-libvips-linux-x64' ]
286 verbose reify failed optional dependency E:\Realestate\node_modules\@img\sharp-libvips-linux-s390x
287 silly reify mark deleted [ 'E:\\Realestate\\node_modules\\@img\\sharp-libvips-linux-s390x' ]
288 verbose reify failed optional dependency E:\Realestate\node_modules\@img\sharp-libvips-linux-riscv64
289 silly reify mark deleted [ 'E:\\Realestate\\node_modules\\@img\\sharp-libvips-linux-riscv64' ]
290 verbose reify failed optional dependency E:\Realestate\node_modules\@img\sharp-libvips-linux-ppc64
291 silly reify mark deleted [ 'E:\\Realestate\\node_modules\\@img\\sharp-libvips-linux-ppc64' ]
292 verbose reify failed optional dependency E:\Realestate\node_modules\@img\sharp-libvips-linux-arm64
293 silly reify mark deleted [ 'E:\\Realestate\\node_modules\\@img\\sharp-libvips-linux-arm64' ]
294 verbose reify failed optional dependency E:\Realestate\node_modules\@img\sharp-libvips-linux-arm
295 silly reify mark deleted [ 'E:\\Realestate\\node_modules\\@img\\sharp-libvips-linux-arm' ]
296 verbose reify failed optional dependency E:\Realestate\node_modules\@img\sharp-libvips-darwin-x64
297 silly reify mark deleted [ 'E:\\Realestate\\node_modules\\@img\\sharp-libvips-darwin-x64' ]
298 verbose reify failed optional dependency E:\Realestate\node_modules\@img\sharp-libvips-darwin-arm64
299 silly reify mark deleted [ 'E:\\Realestate\\node_modules\\@img\\sharp-libvips-darwin-arm64' ]
300 verbose reify failed optional dependency E:\Realestate\node_modules\@img\sharp-darwin-x64
301 silly reify mark deleted [ 'E:\\Realestate\\node_modules\\@img\\sharp-darwin-x64' ]
302 verbose reify failed optional dependency E:\Realestate\node_modules\@img\sharp-darwin-arm64
303 silly reify mark deleted [ 'E:\\Realestate\\node_modules\\@img\\sharp-darwin-arm64' ]
304 silly tarball no local data for webidl-conversions@https://registry.npmjs.org/webidl-conversions/-/webidl-conversions-7.0.0.tgz. Extracting by manifest.
305 silly tarball no local data for tr46@https://registry.npmjs.org/tr46/-/tr46-5.1.1.tgz. Extracting by manifest.
306 silly tarball no local data for memory-pager@https://registry.npmjs.org/memory-pager/-/memory-pager-1.5.0.tgz. Extracting by manifest.
307 silly tarball no local data for whatwg-url@https://registry.npmjs.org/whatwg-url/-/whatwg-url-14.2.0.tgz. Extracting by manifest.
308 silly tarball no local data for mongodb-connection-string-url@https://registry.npmjs.org/mongodb-connection-string-url/-/mongodb-connection-string-url-7.0.1.tgz. Extracting by manifest.
309 silly tarball no local data for sparse-bitfield@https://registry.npmjs.org/sparse-bitfield/-/sparse-bitfield-3.0.3.tgz. Extracting by manifest.
310 silly tarball no local data for @mongodb-js/saslprep@https://registry.npmjs.org/@mongodb-js/saslprep/-/saslprep-1.4.6.tgz. Extracting by manifest.
311 silly tarball no local data for @types/whatwg-url@https://registry.npmjs.org/@types/whatwg-url/-/whatwg-url-13.0.0.tgz. Extracting by manifest.
312 silly tarball no local data for bson@https://registry.npmjs.org/bson/-/bson-7.2.0.tgz. Extracting by manifest.
313 silly tarball no local data for @types/webidl-conversions@https://registry.npmjs.org/@types/webidl-conversions/-/webidl-conversions-7.0.3.tgz. Extracting by manifest.
314 silly tarball no local data for sift@https://registry.npmjs.org/sift/-/sift-17.1.3.tgz. Extracting by manifest.
315 silly tarball no local data for mpath@https://registry.npmjs.org/mpath/-/mpath-0.9.0.tgz. Extracting by manifest.
316 silly tarball no local data for kareem@https://registry.npmjs.org/kareem/-/kareem-3.2.0.tgz. Extracting by manifest.
317 silly tarball no local data for mquery@https://registry.npmjs.org/mquery/-/mquery-6.0.0.tgz. Extracting by manifest.
318 silly tarball no local data for motion-utils@https://registry.npmjs.org/motion-utils/-/motion-utils-12.36.0.tgz. Extracting by manifest.
319 silly tarball no local data for mongodb@https://registry.npmjs.org/mongodb/-/mongodb-7.1.0.tgz. Extracting by manifest.
320 silly tarball no local data for tailwind-merge@https://registry.npmjs.org/tailwind-merge/-/tailwind-merge-3.5.0.tgz. Extracting by manifest.
321 silly tarball no local data for motion-dom@https://registry.npmjs.org/motion-dom/-/motion-dom-12.37.0.tgz. Extracting by manifest.
322 silly tarball no local data for mongoose@https://registry.npmjs.org/mongoose/-/mongoose-9.3.0.tgz. Extracting by manifest.
323 silly tarball no local data for framer-motion@https://registry.npmjs.org/framer-motion/-/framer-motion-12.37.0.tgz. Extracting by manifest.
324 silly tarball no local data for clsx@https://registry.npmjs.org/clsx/-/clsx-2.1.1.tgz. Extracting by manifest.
325 silly tarball no local data for lucide-react@https://registry.npmjs.org/lucide-react/-/lucide-react-0.577.0.tgz. Extracting by manifest.
326 http fetch GET 200 https://registry.npmjs.org/webidl-conversions/-/webidl-conversions-7.0.0.tgz 160ms (cache miss)
327 http fetch GET 200 https://registry.npmjs.org/sparse-bitfield/-/sparse-bitfield-3.0.3.tgz 156ms (cache miss)
328 http fetch GET 200 https://registry.npmjs.org/memory-pager/-/memory-pager-1.5.0.tgz 162ms (cache miss)
329 http fetch GET 200 https://registry.npmjs.org/mongodb-connection-string-url/-/mongodb-connection-string-url-7.0.1.tgz 188ms (cache miss)
330 http fetch GET 200 https://registry.npmjs.org/tr46/-/tr46-5.1.1.tgz 194ms (cache miss)
331 http fetch GET 200 https://registry.npmjs.org/whatwg-url/-/whatwg-url-14.2.0.tgz 215ms (cache miss)
332 http fetch GET 200 https://registry.npmjs.org/clsx/-/clsx-2.1.1.tgz 312ms (cache miss)
333 http fetch GET 200 https://registry.npmjs.org/mpath/-/mpath-0.9.0.tgz 468ms (cache miss)
334 http fetch GET 200 https://registry.npmjs.org/@types/whatwg-url/-/whatwg-url-13.0.0.tgz 473ms (cache miss)
335 http fetch GET 200 https://registry.npmjs.org/tailwind-merge/-/tailwind-merge-3.5.0.tgz 500ms (cache miss)
336 http fetch POST 200 https://registry.npmjs.org/-/npm/v1/security/advisories/bulk 568ms
337 silly audit report {}
338 http fetch GET 200 https://registry.npmjs.org/mquery/-/mquery-6.0.0.tgz 546ms (cache miss)
339 http fetch GET 200 https://registry.npmjs.org/kareem/-/kareem-3.2.0.tgz 572ms (cache miss)
340 http fetch GET 200 https://registry.npmjs.org/motion-utils/-/motion-utils-12.36.0.tgz 574ms (cache miss)
341 http fetch GET 200 https://registry.npmjs.org/sift/-/sift-17.1.3.tgz 591ms (cache miss)
342 http fetch GET 200 https://registry.npmjs.org/@types/webidl-conversions/-/webidl-conversions-7.0.3.tgz 1156ms (cache miss)
343 http fetch GET 200 https://registry.npmjs.org/mongoose/-/mongoose-9.3.0.tgz 1192ms (cache miss)
344 http fetch GET 200 https://registry.npmjs.org/bson/-/bson-7.2.0.tgz 1236ms (cache miss)
345 http fetch GET 200 https://registry.npmjs.org/@mongodb-js/saslprep/-/saslprep-1.4.6.tgz 1371ms (cache miss)
346 http fetch GET 200 https://registry.npmjs.org/mongodb/-/mongodb-7.1.0.tgz 1662ms (cache miss)
347 http fetch GET 200 https://registry.npmjs.org/motion-dom/-/motion-dom-12.37.0.tgz 1897ms (cache miss)
348 http fetch GET 200 https://registry.npmjs.org/framer-motion/-/framer-motion-12.37.0.tgz 2108ms (cache miss)
349 http fetch GET 200 https://registry.npmjs.org/lucide-react/-/lucide-react-0.577.0.tgz 8581ms (cache miss)
350 silly ADD node_modules/webidl-conversions
351 silly ADD node_modules/tr46
352 silly ADD node_modules/memory-pager
353 silly ADD node_modules/@types/webidl-conversions
354 silly ADD node_modules/whatwg-url
355 silly ADD node_modules/@types/whatwg-url
356 silly ADD node_modules/sparse-bitfield
357 silly ADD node_modules/mongodb-connection-string-url
358 silly ADD node_modules/bson
359 silly ADD node_modules/@mongodb-js/saslprep
360 silly ADD node_modules/sift
361 silly ADD node_modules/mquery
362 silly ADD node_modules/mpath
363 silly ADD node_modules/mongodb
364 silly ADD node_modules/kareem
365 silly ADD node_modules/motion-utils
366 silly ADD node_modules/motion-dom
367 silly ADD node_modules/tailwind-merge
368 silly ADD node_modules/mongoose
369 silly ADD node_modules/lucide-react
370 silly ADD node_modules/framer-motion
371 silly ADD node_modules/clsx
372 silly ADD
373 silly ADD
374 silly ADD
375 silly ADD
376 silly ADD
377 silly ADD
378 silly ADD
379 silly ADD
380 silly ADD
381 silly ADD
382 silly ADD
383 silly ADD
384 silly ADD
385 silly ADD
386 silly ADD
387 silly ADD
388 silly ADD
389 silly ADD
390 silly ADD
391 silly ADD
392 silly ADD
393 silly ADD
394 silly ADD
395 silly ADD
396 silly ADD
397 silly ADD
398 silly ADD
399 silly ADD
400 silly ADD
401 silly ADD
402 silly ADD
403 silly ADD
404 silly ADD
405 silly ADD
406 silly ADD
407 silly ADD
408 silly ADD
409 silly ADD
410 silly ADD
411 silly ADD
412 silly ADD
413 silly ADD
414 silly ADD
415 silly ADD
416 silly ADD
417 silly ADD
418 silly ADD
419 silly ADD
420 silly ADD
421 silly ADD
422 silly ADD
423 silly ADD
424 silly ADD
425 silly ADD
426 silly ADD
427 silly ADD
428 silly ADD
429 silly ADD
430 silly ADD
431 silly ADD
432 silly ADD
433 silly ADD
434 silly ADD
435 silly ADD
436 silly ADD
437 silly ADD
438 silly ADD
439 silly ADD
440 silly ADD
441 verbose cwd E:\Realestate
442 verbose os Windows_NT 10.0.26200
443 verbose node v20.20.1
444 verbose npm  v10.8.2
445 verbose exit 0
446 info ok
